14:17:09.256  INFO  manager.ApplicationManager - All test run in firefox browser
14:17:10.422  INFO  manager.ApplicationManager - current url ---->https://contacts-app.tobbymarshall815.vercel.app/home
14:17:10.476  INFO  tests.TestBase - Start method with name --> loginNegativeTestsWrongEmail
14:17:15.521  INFO  manager.MyListener - WebDriver start find element -->By.cssSelector: a[href='/login']
14:17:15.557  INFO  manager.MyListener - WebDriver found element by locator -->By.cssSelector: a[href='/login']
14:17:15.806  INFO  manager.MyListener - WebDriver start find element -->By.xpath: //input[1]
14:17:15.844  INFO  manager.MyListener - WebDriver found element by locator -->By.xpath: //input[1]
14:17:16.107  INFO  manager.MyListener - WebDriver start find element -->By.xpath: //input[2]
14:17:16.138  INFO  manager.MyListener - WebDriver found element by locator -->By.xpath: //input[2]
14:17:16.423  INFO  manager.MyListener - WebDriver start find element -->By.xpath: //button[1]
14:17:16.454  INFO  manager.MyListener - WebDriver found element by locator -->By.xpath: //button[1]
14:17:17.394  INFO  manager.MyListener - The name of method with error is --> public abstract java.util.List org.openqa.selenium.WebDriver.findElements(org.openqa.selenium.By)
14:17:17.394  INFO  manager.MyListener - Houston, we have a problem org.openqa.selenium.WebDriverException: Failed to interpret value as array
Build info: version: '4.2.2', revision: '683ccb65d6'
System info: host: 'DESKTOP-31QDJF0', ip: '192.168.1.203', os.name: 'Windows 10', os.arch: 'amd64', os.version: '10.0', java.version: '11.0.15.1'
Driver info: org.openqa.selenium.firefox.FirefoxDriver
Command: [9f5a2eb6-9ed8-4516-9a13-23d8e1d4d02c, findElements {using=xpath, value=//button[text()='Sign Out']}]
Capabilities {acceptInsecureCerts: true, browserName: firefox, browserVersion: 103.0.1, moz:accessibilityChecks: false, moz:buildID: 20220729222726, moz:debuggerAddress: localhost:57676, moz:geckodriverVersion: 0.31.0, moz:headless: false, moz:platformVersion: 10.0, moz:processID: 10000, moz:profile: C:\Users\alexa\AppData\Loca..., moz:shutdownTimeout: 60000, moz:useNonSpecCompliantPointerOrigin: false, moz:webdriverClick: true, moz:windowless: false, pageLoadStrategy: normal, platformName: WINDOWS, proxy: Proxy(), se:cdp: ws://localhost:57676/devtoo..., se:cdpVersion: 85.0, setWindowRect: true, strictFileInteractability: false, timeouts: {implicit: 0, pageLoad: 300000, script: 30000}, unhandledPromptBehavior: dismiss and notify}
Session ID: 9f5a2eb6-9ed8-4516-9a13-23d8e1d4d02c
14:17:17.409  INFO  tests.TestBase - Start method with name --> loginSuccess
14:17:17.425  INFO  manager.MyListener - The name of method with error is --> public abstract java.util.List org.openqa.selenium.WebDriver.findElements(org.openqa.selenium.By)
14:17:17.425  INFO  manager.MyListener - Houston, we have a problem org.openqa.selenium.UnhandledAlertException: Dismissed user prompt dialog: Wrong email or password format
            Email must contains one @ and minimum 2 symbols after last dot
            Password must contain at least one uppercase letter!
            Password must contain at least one lowercase letter!
            Password must contain at least one digit!
            Password must contain at least one special symbol from [‘$’,’~’,’-‘,’_’]!: 
Build info: version: '4.2.2', revision: '683ccb65d6'
System info: host: 'DESKTOP-31QDJF0', ip: '192.168.1.203', os.name: 'Windows 10', os.arch: 'amd64', os.version: '10.0', java.version: '11.0.15.1'
Driver info: org.openqa.selenium.firefox.FirefoxDriver
Command: [9f5a2eb6-9ed8-4516-9a13-23d8e1d4d02c, findElements {using=xpath, value=//button[text()='Sign Out']}]
Capabilities {acceptInsecureCerts: true, browserName: firefox, browserVersion: 103.0.1, moz:accessibilityChecks: false, moz:buildID: 20220729222726, moz:debuggerAddress: localhost:57676, moz:geckodriverVersion: 0.31.0, moz:headless: false, moz:platformVersion: 10.0, moz:processID: 10000, moz:profile: C:\Users\alexa\AppData\Loca..., moz:shutdownTimeout: 60000, moz:useNonSpecCompliantPointerOrigin: false, moz:webdriverClick: true, moz:windowless: false, pageLoadStrategy: normal, platformName: WINDOWS, proxy: Proxy(), se:cdp: ws://localhost:57676/devtoo..., se:cdpVersion: 85.0, setWindowRect: true, strictFileInteractability: false, timeouts: {implicit: 0, pageLoad: 300000, script: 30000}, unhandledPromptBehavior: dismiss and notify}
Session ID: 9f5a2eb6-9ed8-4516-9a13-23d8e1d4d02c
14:17:17.425  INFO  tests.TestBase - Start method with name --> loginSuccessN
